discord.client - WARNING - PyNaCl is not installed, voice will NOT be supported
discord.client - INFO - logging in using static token
discord.gateway - INFO - Shard ID None has connected to Gateway (Session ID: 6953956fad7ab979602197d7a495e740).
discord.client - ERROR - Ignoring exception in on_message
Traceback (most recent call last):
  File "/home/coolka/projects/python/DiscordBot/.conda/lib/python3.11/site-packages/discord/client.py", line 441, in _run_event
    await coro(*args, **kwargs)
  File "/home/coolka/projects/python/DiscordBot/src/bot.py", line 53, in on_message
    create_meme(chosen_template, message.content)
  File "/home/coolka/projects/python/DiscordBot/src/create_meme.py", line 19, in create_meme
    font_size=calculate_font_size(text, ImageFont.truetype('arial', 1), max_width* res.scale_factor)
                                        ^^^^^^^^^^^^^^^^^^^^^^^^^^^^^^
  File "/home/coolka/projects/python/DiscordBot/.conda/lib/python3.11/site-packages/PIL/ImageFont.py", line 807, in truetype
    return freetype(font)
           ^^^^^^^^^^^^^^
  File "/home/coolka/projects/python/DiscordBot/.conda/lib/python3.11/site-packages/PIL/ImageFont.py", line 804, in freetype
    return FreeTypeFont(font, size, index, encoding, layout_engine)
           ^^^^^^^^^^^^^^^^^^^^^^^^^^^^^^^^^^^^^^^^^^^^^^^^^^^^^^^^
  File "/home/coolka/projects/python/DiscordBot/.conda/lib/python3.11/site-packages/PIL/ImageFont.py", line 244, in __init__
    self.font = core.getfont(
                ^^^^^^^^^^^^^
OSError: cannot open resource
